<?xml version="1.0" encoding="UTF-8"?>
<!-- Generated by org.testng.reporters.JUnitReportReporter -->
<testsuite skipped="0" hostname="EkramulAzam" name="com.Brooklyn.Ditmas.Application" tests="2" failures="0" timestamp="15 Apr 2018 21:04:19 GMT" time="18.549" errors="0">
  <testcase name="mytest102" time="10.369" classname="com.Brooklyn.Ditmas.Application"/>
  <testcase name="mytest1020" time="8.180" classname="com.Brooklyn.Ditmas.Application"/>
</testsuite> <!-- com.Brooklyn.Ditmas.Application -->
