<?xml version="1.0" encoding="UTF-8"?>
<!-- Generated by org.testng.reporters.JUnitReportReporter -->
<testsuite skipped="0" hostname="EkramulAzam" name="com.Brooklyn.Ditmas.Application" tests="1" failures="0" timestamp="08 Apr 2018 21:09:14 GMT" time="37.787" errors="0">
  <testcase name="mytest102" time="37.787" classname="com.Brooklyn.Ditmas.Application"/>
</testsuite> <!-- com.Brooklyn.Ditmas.Application -->
